Testing(1): ArraySize passed.
Testing(1): DwordAlign passed.
Testing(1): MemOverlap passed.
Testing(1): AbsLong passed.
Testing(1): IsBaseDigit passed.
Testing(1): UnionOf passed.
Testing(1): Round passed.
Testing(1): Bit passed.
Testing(1): Compare.. passed.
Testing(1): SafeStrcpy passed.
Testing(1): CharToInt passed.
Testing(1): StripWhite passed.
Testing(1): StringSearch passed.
Testing(1): StringCaseCompare passed.
Testing(1): StringLower passed.
Testing(1): StringUpper passed.
Testing(1): StringCapitalize passed.
Testing(1): StringTo passed.
Testing(1): basename passed.
Testing(1): BinStream
StaticBinStream dumpInfo:
StaticBinStream:
@(#) libClue - 2.00.00.a.02
    BinStream - BinStream.C - Compiled: Oct  6 1995 05:55:47
    $Id$

StaticBinStream version:
@(#) libClue - 2.00.00.a.02
    ClassVersion - ClassVersion.C - Compiled: Oct  6 1995 05:55:29
    $Id$
BinStream FAILED 
tBinStream.C:111: FAILED here.
